2025-02-24 11:06:40,798 - INFO - Open port: 80
2025-02-24 11:06:41,513 - INFO - Visiting URL: http://www.vulnweb.com
2025-02-24 11:15:25,401 - INFO - Open port: 80
2025-02-24 11:15:25,401 - INFO - Open port: 443
2025-02-24 11:15:26,355 - INFO - Visiting URL: http://www.google.com
2025-02-24 11:15:27,889 - INFO - Visiting URL: http://www.google.com/intl/ne/ads/
2025-02-24 11:15:29,931 - INFO - Visiting URL: https://www.google.com/finance
2025-02-24 11:15:31,475 - INFO - Visiting URL: http://www.google.com/preferences
2025-02-24 11:15:31,890 - INFO - Visiting URL: http://www.google.com/setprefdomain
2025-02-24 11:15:32,653 - INFO - Visiting URL: http://www.google.com/advanced_search
2025-02-24 11:15:33,592 - INFO - Visiting URL: http://www.google.com/intl/ne/about.html
2025-02-24 11:15:35,688 - INFO - Visiting URL: http://www.google.com/setprefs
2025-02-24 11:15:36,772 - INFO - Visiting URL: https://www.google.com/imghp
2025-02-24 11:15:37,177 - INFO - Visiting URL: http://www.google.com/intl/ne/home/campaigns/ai-powered-ad-solutions/
2025-02-24 11:15:37,322 - INFO - Visiting URL: http://www.google.com/intl/ne/home/
2025-02-24 11:15:37,476 - INFO - Visiting URL: http://www.google.com/intl/ne/home/campaigns/app-ads/
2025-02-24 11:15:37,618 - INFO - Visiting URL: https://www.google.com
2025-02-24 11:15:38,038 - INFO - Visiting URL: http://www.google.com/intl/ne/home/partners/become-a-partner/
2025-02-24 11:15:38,180 - INFO - Visiting URL: http://www.google.com/intl/ne/home/campaigns/search-ads/
2025-02-24 11:15:38,322 - INFO - Visiting URL: http://www.google.com/intl/ne/home/tools/manager-accounts/
2025-02-24 11:15:38,457 - INFO - Visiting URL: http://www.google.com/intl/ne/home/tools/api/
2025-02-24 11:15:38,607 - INFO - Visiting URL: http://www.google.com/intl/ne/home/cost-tool/
2025-02-24 11:15:38,748 - INFO - Visiting URL: http://www.google.com/intl/ne/home/campaigns/video-ads/
2025-02-24 11:15:38,891 - INFO - Visiting URL: https://www.google.com/intl/en/services/
2025-02-24 11:15:39,628 - INFO - Visiting URL: http://www.google.com/intl/ne/home/grow-my-app/
2025-02-24 11:15:39,796 - INFO - Visiting URL: http://www.google.com/intl/ne/home/goals/
2025-02-24 11:15:39,928 - INFO - Visiting URL: http://www.google.com/intl/ne/home/campaigns/demand-gen/
2025-02-24 11:15:40,067 - INFO - Visiting URL: http://www.google.com/intl/ne/home/tools/keyword-planner/
2025-02-24 11:15:40,215 - INFO - Visiting URL: http://www.google.com/intl/ne/home/how-it-works/
2025-02-24 11:15:40,361 - INFO - Visiting URL: https://www.google.com/intl/en/about/products
2025-02-24 11:15:41,107 - INFO - Visiting URL: http://www.google.com/intl/ne/home/tools/reach-planner/
2025-02-24 11:15:41,249 - INFO - Visiting URL: http://www.google.com/intl/ne/home/campaigns/display-ads/
2025-02-24 11:15:41,405 - INFO - Visiting URL: http://www.google.com/intl/ne/home/resources/
2025-02-24 11:15:41,548 - INFO - Visiting URL: http://www.google.com/intl/ne/home/tools/audience-insights/
2025-02-24 11:15:41,683 - INFO - Visiting URL: http://www.google.com/intl/ne/home/privacy/
2025-02-24 11:15:41,814 - INFO - Visiting URL: http://www.google.com/intl/ne/home/tools/ads-editor/
2025-02-24 11:15:41,948 - INFO - Visiting URL: http://www.google.com/intl/ne/home/growth-formula/
2025-02-24 11:15:42,097 - INFO - Visiting URL: http://www.google.com/intl/ne/home/tools/mobile-app/
2025-02-24 11:15:42,246 - INFO - Visiting URL: http://www.google.com/intl/ne/home/tools/experiments/
2025-02-24 11:15:42,385 - INFO - Visiting URL: http://www.google.com/intl/ne/home/campaigns/shopping-ads/
2025-02-24 11:15:42,530 - INFO - Visiting URL: http://www.google.com/intl/ne/home/partners/work-with-a-partner/
2025-02-24 11:15:42,685 - INFO - Visiting URL: https://www.google.com/intl/en/business/
2025-02-24 11:15:43,218 - INFO - Visiting URL: https://www.google.com/intl/en/chrome/
2025-02-24 11:16:10,672 - INFO - Open port: 80
2025-02-24 11:16:11,360 - INFO - Visiting URL: http://www.vulnweb.com
2025-02-24 19:23:02,454 - INFO - Open port: 443
2025-02-24 19:23:02,454 - INFO - Open port: 80
2025-02-24 19:23:03,409 - INFO - Visiting URL: http://www.google.com
2025-02-24 19:23:04,744 - INFO - Visiting URL: http://www.google.com/intl/ne/about.html
2025-02-24 19:23:05,685 - INFO - Visiting URL: http://www.google.com/setprefs
2025-02-24 19:23:06,745 - INFO - Visiting URL: http://www.google.com/intl/ne/ads/
2025-02-24 19:23:07,677 - INFO - Visiting URL: https://www.google.com/imghp
2025-02-24 19:23:08,477 - INFO - Visiting URL: https://www.google.com/finance
